


ARM Macro Assembler    Page 1 


    1 00000000         ; <<< Use Configuration Wizard in Context Menu >>>
    2 00000000         ;*******************************************************
                       ***********************
    3 00000000         ;
    4 00000000         ; startup_rvmdk.S - Startup code for use with Keil's uVi
                       sion.
    5 00000000         ;
    6 00000000         ; Copyright (c) 2012 Texas Instruments Incorporated.  Al
                       l rights reserved.
    7 00000000         ; Software License Agreement
    8 00000000         ; 
    9 00000000         ; Texas Instruments (TI) is supplying this software for 
                       use solely and
   10 00000000         ; exclusively on TI's microcontroller products. The soft
                       ware is owned by
   11 00000000         ; TI and/or its suppliers, and is protected under applic
                       able copyright
   12 00000000         ; laws. You may not combine this software with "viral" o
                       pen-source
   13 00000000         ; software in order to form a larger program.
   14 00000000         ; 
   15 00000000         ; THIS SOFTWARE IS PROVIDED "AS IS" AND WITH ALL FAULTS.
                       
   16 00000000         ; NO WARRANTIES, WHETHER EXPRESS, IMPLIED OR STATUTORY, 
                       INCLUDING, BUT
   17 00000000         ; NOT LIMITED TO, IMPLIED WARRANTIES OF MERCHANTABILITY 
                       AND FITNESS FOR
   18 00000000         ; A PARTICULAR PURPOSE APPLY TO THIS SOFTWARE. TI SHALL 
                       NOT, UNDER ANY
   19 00000000         ; CIRCUMSTANCES, BE LIABLE FOR SPECIAL, INCIDENTAL, OR C
                       ONSEQUENTIAL
   20 00000000         ; DAMAGES, FOR ANY REASON WHATSOEVER.
   21 00000000         ; 
   22 00000000         ; This is part of revision 9453 of the EK-LM4F120XL Firm
                       ware Package.
   23 00000000         ;
   24 00000000         ;*******************************************************
                       ***********************
   25 00000000         ; Edited to conform with ISR names as described in 
   26 00000000         ;   "Embedded Systems: Introduction to ARM Cortex M Micr
                       ocontrollers",
   27 00000000         ;   ISBN: 978-1469998749, Jonathan Valvano, copyright (c
                       ) 2012
   28 00000000         ;   "Embedded Systems: Real Time Interfacing to ARM Cort
                       ex M Microcontrollers",
   29 00000000         ;   ISBN: 978-1463590154, Jonathan Valvano, copyright (c
                       ) 2012
   30 00000000         ;   "Embedded Systems: Real-Time Operating Systems for A
                       RM Cortex M Microcontrollers",
   31 00000000         ;   ISBN: 978-1466468863, Jonathan Valvano, copyright (c
                       ) 2013
   32 00000000         ;
   33 00000000         ;*******************************************************
                       ***********************
   34 00000000         ;
   35 00000000         ; <o> Stack Size (in Bytes) <0x0-0xFFFFFFFF:8>
   36 00000000         ;
   37 00000000         ;*******************************************************
                       ***********************



ARM Macro Assembler    Page 2 


   38 00000000 00000400 
                       Stack   EQU              0x00000400
   39 00000000         
   40 00000000         ;*******************************************************
                       ***********************
   41 00000000         ;
   42 00000000         ; <o> Heap Size (in Bytes) <0x0-0xFFFFFFFF:8>
   43 00000000         ;
   44 00000000         ;*******************************************************
                       ***********************
   45 00000000 00000000 
                       Heap    EQU              0x00000000
   46 00000000         
   47 00000000         ;*******************************************************
                       ***********************
   48 00000000         ;
   49 00000000         ; Allocate space for the stack.
   50 00000000         ;
   51 00000000         ;*******************************************************
                       ***********************
   52 00000000                 AREA             STACK, NOINIT, READWRITE, ALIGN
=3
   53 00000000         StackMem
   54 00000000                 SPACE            Stack
   55 00000400         __initial_sp
   56 00000400         
   57 00000400         ;*******************************************************
                       ***********************
   58 00000400         ;
   59 00000400         ; Allocate space for the heap.
   60 00000400         ;
   61 00000400         ;*******************************************************
                       ***********************
   62 00000400                 AREA             HEAP, NOINIT, READWRITE, ALIGN=
3
   63 00000000         __heap_base
   64 00000000         HeapMem
   65 00000000                 SPACE            Heap
   66 00000000         __heap_limit
   67 00000000         
   68 00000000         ;*******************************************************
                       ***********************
   69 00000000         ;
   70 00000000         ; Indicate that the code in this file preserves 8-byte a
                       lignment of the stack.
   71 00000000         ;
   72 00000000         ;*******************************************************
                       ***********************
   73 00000000                 PRESERVE8
   74 00000000         
   75 00000000         ;*******************************************************
                       ***********************
   76 00000000         ;
   77 00000000         ; Place code into the reset code section.
   78 00000000         ;
   79 00000000         ;*******************************************************
                       ***********************
   80 00000000                 AREA             RESET, CODE, READONLY
   81 00000000                 THUMB



ARM Macro Assembler    Page 3 


   82 00000000         
   83 00000000         ;*******************************************************
                       ***********************
   84 00000000         ;
   85 00000000         ; The vector table.
   86 00000000         ;
   87 00000000         ;*******************************************************
                       ***********************
   88 00000000                 EXPORT           __Vectors
   89 00000000         __Vectors
   90 00000000 00000400        DCD              StackMem + Stack ; Top of Stack
                                                            
   91 00000004 00000000        DCD              Reset_Handler ; Reset Handler
   92 00000008 00000000        DCD              NMI_Handler ; NMI Handler
   93 0000000C 00000000        DCD              HardFault_Handler ; Hard Fault 
                                                            Handler
   94 00000010 00000000        DCD              MemManage_Handler 
                                                            ; MPU Fault Handler
                                                            
   95 00000014 00000000        DCD              BusFault_Handler 
                                                            ; Bus Fault Handler
                                                            
   96 00000018 00000000        DCD              UsageFault_Handler ; Usage Faul
                                                            t Handler
   97 0000001C 00000000        DCD              0           ; Reserved
   98 00000020 00000000        DCD              0           ; Reserved
   99 00000024 00000000        DCD              0           ; Reserved
  100 00000028 00000000        DCD              0           ; Reserved
  101 0000002C 00000000        DCD              SVC_Handler ; SVCall Handler
  102 00000030 00000000        DCD              DebugMon_Handler ; Debug Monito
                                                            r Handler
  103 00000034 00000000        DCD              0           ; Reserved
  104 00000038 00000000        DCD              PendSV_Handler ; PendSV Handler
                                                            
  105 0000003C 00000000        DCD              SysTick_Handler 
                                                            ; SysTick Handler
  106 00000040 00000000        DCD              GPIOPortA_Handler ; GPIO Port A
                                                            
  107 00000044 00000000        DCD              GPIOPortB_Handler ; GPIO Port B
                                                            
  108 00000048 00000000        DCD              GPIOPortC_Handler ; GPIO Port C
                                                            
  109 0000004C 00000000        DCD              GPIOPortD_Handler ; GPIO Port D
                                                            
  110 00000050 00000000        DCD              GPIOPortE_Handler ; GPIO Port E
                                                            
  111 00000054 00000000        DCD              UART0_Handler ; UART0 Rx and Tx
                                                            
  112 00000058 00000000        DCD              UART1_Handler ; UART1 Rx and Tx
                                                            
  113 0000005C 00000000        DCD              SSI0_Handler ; SSI0 Rx and Tx
  114 00000060 00000000        DCD              I2C0_Handler ; I2C0 Master and 
                                                            Slave
  115 00000064 00000000        DCD              PWM0Fault_Handler ; PWM 0 Fault
                                                            
  116 00000068 00000000        DCD              PWM0Generator0_Handler 
                                                            ; PWM 0 Generator 0
                                                            
  117 0000006C 00000000        DCD              PWM0Generator1_Handler 



ARM Macro Assembler    Page 4 


                                                            ; PWM 0 Generator 1
                                                            
  118 00000070 00000000        DCD              PWM0Generator2_Handler 
                                                            ; PWM 0 Generator 2
                                                            
  119 00000074 00000000        DCD              Quadrature0_Handler ; Quadratur
                                                            e Encoder 0
  120 00000078 00000000        DCD              ADC0Seq0_Handler 
                                                            ; ADC0 Sequence 0
  121 0000007C 00000000        DCD              ADC0Seq1_Handler 
                                                            ; ADC0 Sequence 1
  122 00000080 00000000        DCD              ADC0Seq2_Handler 
                                                            ; ADC0 Sequence 2
  123 00000084 00000000        DCD              ADC0Seq3_Handler 
                                                            ; ADC0 Sequence 3
  124 00000088 00000000        DCD              WDT_Handler ; Watchdog
  125 0000008C 00000000        DCD              Timer0A_Handler ; Timer 0 subti
                                                            mer A
  126 00000090 00000000        DCD              Timer0B_Handler ; Timer 0 subti
                                                            mer B
  127 00000094 00000000        DCD              Timer1A_Handler ; Timer 1 subti
                                                            mer A
  128 00000098 00000000        DCD              Timer1B_Handler ; Timer 1 subti
                                                            mer B
  129 0000009C 00000000        DCD              Timer2A_Handler ; Timer 2 subti
                                                            mer A
  130 000000A0 00000000        DCD              Timer2B_Handler ; Timer 2 subti
                                                            mer B
  131 000000A4 00000000        DCD              Comp0_Handler ; Analog Comp 0
  132 000000A8 00000000        DCD              Comp1_Handler ; Analog Comp 1
  133 000000AC 00000000        DCD              Comp2_Handler ; Analog Comp 2
  134 000000B0 00000000        DCD              SysCtl_Handler ; System Control
                                                            
  135 000000B4 00000000        DCD              SysTick_Handler 
                                                            ; System Control
  136 000000B8 00000000        DCD              FlashCtl_Handler 
                                                            ; Flash Control
  137 000000BC 00000000        DCD              GPIOPortF_Handler ; GPIO Port F
                                                            
  138 000000C0 00000000        DCD              GPIOPortG_Handler ; GPIO Port G
                                                            
  139 000000C4 00000000        DCD              GPIOPortH_Handler ; GPIO Port H
                                                            
  140 000000C8 00000000        DCD              UART2_Handler ; UART2 Rx and Tx
                                                            
  141 000000CC 00000000        DCD              SSI1_Handler ; SSI1 Rx and Tx
  142 000000D0 00000000        DCD              Timer3A_Handler ; Timer 3 subti
                                                            mer A
  143 000000D4 00000000        DCD              Timer3B_Handler ; Timer 3 subti
                                                            mer B
  144 000000D8 00000000        DCD              I2C1_Handler ; I2C1 Master and 
                                                            Slave
  145 000000DC 00000000        DCD              Quadrature1_Handler ; Quadratur
                                                            e Encoder 1
  146 000000E0 00000000        DCD              CAN0_Handler ; CAN0
  147 000000E4 00000000        DCD              CAN1_Handler ; CAN1
  148 000000E8 00000000        DCD              CAN2_Handler ; CAN2
  149 000000EC 00000000        DCD              Ethernet_Handler ; Ethernet
  150 000000F0 00000000        DCD              Hibernate_Handler ; Hibernate



ARM Macro Assembler    Page 5 


  151 000000F4 00000000        DCD              USB0_Handler ; USB0
  152 000000F8 00000000        DCD              PWM0Generator3_Handler 
                                                            ; PWM 0 Generator 3
                                                            
  153 000000FC 00000000        DCD              uDMA_Handler ; uDMA Software Tr
                                                            ansfer
  154 00000100 00000000        DCD              uDMA_Error  ; uDMA Error
  155 00000104 00000000        DCD              ADC1Seq0_Handler 
                                                            ; ADC1 Sequence 0
  156 00000108 00000000        DCD              ADC1Seq1_Handler 
                                                            ; ADC1 Sequence 1
  157 0000010C 00000000        DCD              ADC1Seq2_Handler 
                                                            ; ADC1 Sequence 2
  158 00000110 00000000        DCD              ADC1Seq3_Handler 
                                                            ; ADC1 Sequence 3
  159 00000114 00000000        DCD              I2S0_Handler ; I2S0
  160 00000118 00000000        DCD              ExtBus_Handler ; External Bus I
                                                            nterface 0
  161 0000011C 00000000        DCD              GPIOPortJ_Handler ; GPIO Port J
                                                            
  162 00000120 00000000        DCD              GPIOPortK_Handler ; GPIO Port K
                                                            
  163 00000124 00000000        DCD              GPIOPortL_Handler ; GPIO Port L
                                                            
  164 00000128 00000000        DCD              SSI2_Handler ; SSI2 Rx and Tx
  165 0000012C 00000000        DCD              SSI3_Handler ; SSI3 Rx and Tx
  166 00000130 00000000        DCD              UART3_Handler ; UART3 Rx and Tx
                                                            
  167 00000134 00000000        DCD              UART4_Handler ; UART4 Rx and Tx
                                                            
  168 00000138 00000000        DCD              UART5_Handler ; UART5 Rx and Tx
                                                            
  169 0000013C 00000000        DCD              UART6_Handler ; UART6 Rx and Tx
                                                            
  170 00000140 00000000        DCD              UART7_Handler ; UART7 Rx and Tx
                                                            
  171 00000144 00000000        DCD              0           ; Reserved
  172 00000148 00000000        DCD              0           ; Reserved
  173 0000014C 00000000        DCD              0           ; Reserved
  174 00000150 00000000        DCD              0           ; Reserved
  175 00000154 00000000        DCD              I2C2_Handler ; I2C2 Master and 
                                                            Slave
  176 00000158 00000000        DCD              I2C3_Handler ; I2C3 Master and 
                                                            Slave
  177 0000015C 00000000        DCD              Timer4A_Handler ; Timer 4 subti
                                                            mer A
  178 00000160 00000000        DCD              Timer4B_Handler ; Timer 4 subti
                                                            mer B
  179 00000164 00000000        DCD              0           ; Reserved
  180 00000168 00000000        DCD              0           ; Reserved
  181 0000016C 00000000        DCD              0           ; Reserved
  182 00000170 00000000        DCD              0           ; Reserved
  183 00000174 00000000        DCD              0           ; Reserved
  184 00000178 00000000        DCD              0           ; Reserved
  185 0000017C 00000000        DCD              0           ; Reserved
  186 00000180 00000000        DCD              0           ; Reserved
  187 00000184 00000000        DCD              0           ; Reserved
  188 00000188 00000000        DCD              0           ; Reserved
  189 0000018C 00000000        DCD              0           ; Reserved



ARM Macro Assembler    Page 6 


  190 00000190 00000000        DCD              0           ; Reserved
  191 00000194 00000000        DCD              0           ; Reserved
  192 00000198 00000000        DCD              0           ; Reserved
  193 0000019C 00000000        DCD              0           ; Reserved
  194 000001A0 00000000        DCD              0           ; Reserved
  195 000001A4 00000000        DCD              0           ; Reserved
  196 000001A8 00000000        DCD              0           ; Reserved
  197 000001AC 00000000        DCD              0           ; Reserved
  198 000001B0 00000000        DCD              0           ; Reserved
  199 000001B4 00000000        DCD              Timer5A_Handler ; Timer 5 subti
                                                            mer A
  200 000001B8 00000000        DCD              Timer5B_Handler ; Timer 5 subti
                                                            mer B
  201 000001BC 00000000        DCD              WideTimer0A_Handler ; Wide Time
                                                            r 0 subtimer A
  202 000001C0 00000000        DCD              WideTimer0B_Handler ; Wide Time
                                                            r 0 subtimer B
  203 000001C4 00000000        DCD              WideTimer1A_Handler ; Wide Time
                                                            r 1 subtimer A
  204 000001C8 00000000        DCD              WideTimer1B_Handler ; Wide Time
                                                            r 1 subtimer B
  205 000001CC 00000000        DCD              WideTimer2A_Handler ; Wide Time
                                                            r 2 subtimer A
  206 000001D0 00000000        DCD              WideTimer2B_Handler ; Wide Time
                                                            r 2 subtimer B
  207 000001D4 00000000        DCD              WideTimer3A_Handler ; Wide Time
                                                            r 3 subtimer A
  208 000001D8 00000000        DCD              WideTimer3B_Handler ; Wide Time
                                                            r 3 subtimer B
  209 000001DC 00000000        DCD              WideTimer4A_Handler ; Wide Time
                                                            r 4 subtimer A
  210 000001E0 00000000        DCD              WideTimer4B_Handler ; Wide Time
                                                            r 4 subtimer B
  211 000001E4 00000000        DCD              WideTimer5A_Handler ; Wide Time
                                                            r 5 subtimer A
  212 000001E8 00000000        DCD              WideTimer5B_Handler ; Wide Time
                                                            r 5 subtimer B
  213 000001EC 00000000        DCD              FPU_Handler ; FPU
  214 000001F0 00000000        DCD              PECI0_Handler ; PECI 0
  215 000001F4 00000000        DCD              LPC0_Handler ; LPC 0
  216 000001F8 00000000        DCD              I2C4_Handler ; I2C4 Master and 
                                                            Slave
  217 000001FC 00000000        DCD              I2C5_Handler ; I2C5 Master and 
                                                            Slave
  218 00000200 00000000        DCD              GPIOPortM_Handler ; GPIO Port M
                                                            
  219 00000204 00000000        DCD              GPIOPortN_Handler ; GPIO Port N
                                                            
  220 00000208 00000000        DCD              Quadrature2_Handler ; Quadratur
                                                            e Encoder 2
  221 0000020C 00000000        DCD              Fan0_Handler ; Fan 0
  222 00000210 00000000        DCD              0           ; Reserved
  223 00000214 00000000        DCD              GPIOPortP_Handler ; GPIO Port P
                                                             (Summary or P0)
  224 00000218 00000000        DCD              GPIOPortP1_Handler 
                                                            ; GPIO Port P1
  225 0000021C 00000000        DCD              GPIOPortP2_Handler 
                                                            ; GPIO Port P2
  226 00000220 00000000        DCD              GPIOPortP3_Handler 



ARM Macro Assembler    Page 7 


                                                            ; GPIO Port P3
  227 00000224 00000000        DCD              GPIOPortP4_Handler 
                                                            ; GPIO Port P4
  228 00000228 00000000        DCD              GPIOPortP5_Handler 
                                                            ; GPIO Port P5
  229 0000022C 00000000        DCD              GPIOPortP6_Handler 
                                                            ; GPIO Port P6
  230 00000230 00000000        DCD              GPIOPortP7_Handler 
                                                            ; GPIO Port P7
  231 00000234 00000000        DCD              GPIOPortQ_Handler ; GPIO Port Q
                                                             (Summary or Q0)
  232 00000238 00000000        DCD              GPIOPortQ1_Handler 
                                                            ; GPIO Port Q1
  233 0000023C 00000000        DCD              GPIOPortQ2_Handler 
                                                            ; GPIO Port Q2
  234 00000240 00000000        DCD              GPIOPortQ3_Handler 
                                                            ; GPIO Port Q3
  235 00000244 00000000        DCD              GPIOPortQ4_Handler 
                                                            ; GPIO Port Q4
  236 00000248 00000000        DCD              GPIOPortQ5_Handler 
                                                            ; GPIO Port Q5
  237 0000024C 00000000        DCD              GPIOPortQ6_Handler 
                                                            ; GPIO Port Q6
  238 00000250 00000000        DCD              GPIOPortQ7_Handler 
                                                            ; GPIO Port Q7
  239 00000254 00000000        DCD              GPIOPortR_Handler ; GPIO Port R
                                                            
  240 00000258 00000000        DCD              GPIOPortS_Handler ; GPIO Port S
                                                            
  241 0000025C 00000000        DCD              PWM1Generator0_Handler 
                                                            ; PWM 1 Generator 0
                                                            
  242 00000260 00000000        DCD              PWM1Generator1_Handler 
                                                            ; PWM 1 Generator 1
                                                            
  243 00000264 00000000        DCD              PWM1Generator2_Handler 
                                                            ; PWM 1 Generator 2
                                                            
  244 00000268 00000000        DCD              PWM1Generator3_Handler 
                                                            ; PWM 1 Generator 3
                                                            
  245 0000026C 00000000        DCD              PWM1Fault_Handler ; PWM 1 Fault
                                                            
  246 00000270         
  247 00000270         ;*******************************************************
                       ***********************
  248 00000270         ;
  249 00000270         ; This is the code that gets called when the processor f
                       irst starts execution
  250 00000270         ; following a reset event.
  251 00000270         ;
  252 00000270         ;*******************************************************
                       ***********************
  253 00000270                 EXPORT           Reset_Handler
  254 00000270         Reset_Handler
  255 00000270         ;
  256 00000270         ; DO NOT ENABLE the floating-point unit.  This must be d
                       one here to handle the
  257 00000270         ; case where main() uses floating-point and the function



ARM Macro Assembler    Page 8 


                        prologue saves
  258 00000270         ; floating-point registers (which will fault if floating
                       -point is not
  259 00000270         ; enabled).  Any configuration of the floating-point uni
                       t using
  260 00000270         ; DriverLib APIs must be done here prior to the floating
                       -point unit
  261 00000270         ; being enabled.
  262 00000270         ;
  263 00000270         ; Note that this does not use DriverLib since it might n
                       ot be included
  264 00000270         ; in this project.
  265 00000270         ;
  266 00000270         ;        MOVW    R0, #0xED88
  267 00000270         ;        MOVT    R0, #0xE000
  268 00000270         ;        LDR     R1, [R0]
  269 00000270         ;        ORR     R1, #0x00F00000
  270 00000270         ;        STR     R1, [R0]
  271 00000270         
  272 00000270         ;
  273 00000270         ; Call the C library enty point that handles startup.  T
                       his will copy
  274 00000270         ; the .data section initializers from flash to SRAM and 
                       zero fill the
  275 00000270         ; .bss section.
  276 00000270         ;
  277 00000270                 IMPORT           __main
  278 00000270 F7FF BFFE       B                __main
  279 00000274         
  280 00000274         ;*******************************************************
                       ***********************
  281 00000274         ;
  282 00000274         ; This is the code that gets called when the processor r
                       eceives a NMI.  This
  283 00000274         ; simply enters an infinite loop, preserving the system 
                       state for examination
  284 00000274         ; by a debugger.
  285 00000274         ;
  286 00000274         ;*******************************************************
                       ***********************
  287 00000274         NMI_Handler
                               PROC
  288 00000274                 EXPORT           NMI_Handler               [WEAK
]
  289 00000274 E7FE            B                .
  290 00000276                 ENDP
  291 00000276         
  292 00000276         ;*******************************************************
                       ***********************
  293 00000276         ;
  294 00000276         ; This is the code that gets called when the processor r
                       eceives a fault
  295 00000276         ; interrupt.  This simply enters an infinite loop, prese
                       rving the system state
  296 00000276         ; for examination by a debugger.
  297 00000276         ;
  298 00000276         ;*******************************************************
                       ***********************
  300 00000276         HardFault_Handler



ARM Macro Assembler    Page 9 


                               PROC
  301 00000276                 EXPORT           HardFault_Handler         [WEAK
]
  302 00000276 E7FE            B                .
  303 00000278                 ENDP
  304 00000278         
  306 00000278         MemManage_Handler
                               PROC
  307 00000278                 EXPORT           MemManage_Handler         [WEAK
]
  308 00000278 E7FE            B                .
  309 0000027A                 ENDP
  311 0000027A         BusFault_Handler
                               PROC
  312 0000027A                 EXPORT           BusFault_Handler          [WEAK
]
  313 0000027A E7FE            B                .
  314 0000027C                 ENDP
  316 0000027C         UsageFault_Handler
                               PROC
  317 0000027C                 EXPORT           UsageFault_Handler        [WEAK
]
  318 0000027C E7FE            B                .
  319 0000027E                 ENDP
  320 0000027E         SVC_Handler
                               PROC
  321 0000027E                 EXPORT           SVC_Handler               [WEAK
]
  322 0000027E E7FE            B                .
  323 00000280                 ENDP
  325 00000280         DebugMon_Handler
                               PROC
  326 00000280                 EXPORT           DebugMon_Handler          [WEAK
]
  327 00000280 E7FE            B                .
  328 00000282                 ENDP
  329 00000282         PendSV_Handler
                               PROC
  330 00000282                 EXPORT           PendSV_Handler            [WEAK
]
  331 00000282 E7FE            B                .
  332 00000284                 ENDP
  333 00000284         SysTick_Handler
                               PROC
  334 00000284                 EXPORT           SysTick_Handler           [WEAK
]
  335 00000284 E7FE            B                .
  336 00000286                 ENDP
  338 00000286         IntDefaultHandler
                               PROC
  339 00000286         
  340 00000286                 EXPORT           GPIOPortA_Handler         [WEAK
]
  341 00000286                 EXPORT           GPIOPortB_Handler         [WEAK
]
  342 00000286                 EXPORT           GPIOPortC_Handler         [WEAK
]
  343 00000286                 EXPORT           GPIOPortD_Handler         [WEAK
]



ARM Macro Assembler    Page 10 


  344 00000286                 EXPORT           GPIOPortE_Handler         [WEAK
]
  345 00000286                 EXPORT           UART0_Handler             [WEAK
]
  346 00000286                 EXPORT           UART1_Handler             [WEAK
]
  347 00000286                 EXPORT           SSI0_Handler              [WEAK
]
  348 00000286                 EXPORT           I2C0_Handler              [WEAK
]
  349 00000286                 EXPORT           PWM0Fault_Handler         [WEAK
]
  350 00000286                 EXPORT           PWM0Generator0_Handler    [WEAK
]
  351 00000286                 EXPORT           PWM0Generator1_Handler    [WEAK
]
  352 00000286                 EXPORT           PWM0Generator2_Handler    [WEAK
]
  353 00000286                 EXPORT           Quadrature0_Handler       [WEAK
]
  354 00000286                 EXPORT           ADC0Seq0_Handler          [WEAK
]
  355 00000286                 EXPORT           ADC0Seq1_Handler          [WEAK
]
  356 00000286                 EXPORT           ADC0Seq2_Handler          [WEAK
]
  357 00000286                 EXPORT           ADC0Seq3_Handler          [WEAK
]
  358 00000286                 EXPORT           WDT_Handler               [WEAK
]
  359 00000286                 EXPORT           Timer0A_Handler           [WEAK
]
  360 00000286                 EXPORT           Timer0B_Handler           [WEAK
]
  361 00000286                 EXPORT           Timer1A_Handler           [WEAK
]
  362 00000286                 EXPORT           Timer1B_Handler           [WEAK
]
  363 00000286                 EXPORT           Timer2A_Handler           [WEAK
]
  364 00000286                 EXPORT           Timer2B_Handler           [WEAK
]
  365 00000286                 EXPORT           Comp0_Handler             [WEAK
]
  366 00000286                 EXPORT           Comp1_Handler             [WEAK
]
  367 00000286                 EXPORT           Comp2_Handler             [WEAK
]
  368 00000286                 EXPORT           SysCtl_Handler            [WEAK
]
  369 00000286                 EXPORT           FlashCtl_Handler          [WEAK
]
  370 00000286                 EXPORT           GPIOPortF_Handler         [WEAK
]
  371 00000286                 EXPORT           GPIOPortG_Handler         [WEAK
]
  372 00000286                 EXPORT           GPIOPortH_Handler         [WEAK
]
  373 00000286                 EXPORT           UART2_Handler             [WEAK



ARM Macro Assembler    Page 11 


]
  374 00000286                 EXPORT           SSI1_Handler              [WEAK
]
  375 00000286                 EXPORT           Timer3A_Handler           [WEAK
]
  376 00000286                 EXPORT           Timer3B_Handler           [WEAK
]
  377 00000286                 EXPORT           I2C1_Handler              [WEAK
]
  378 00000286                 EXPORT           Quadrature1_Handler       [WEAK
]
  379 00000286                 EXPORT           CAN0_Handler              [WEAK
]
  380 00000286                 EXPORT           CAN1_Handler              [WEAK
]
  381 00000286                 EXPORT           CAN2_Handler              [WEAK
]
  382 00000286                 EXPORT           Ethernet_Handler          [WEAK
]
  383 00000286                 EXPORT           Hibernate_Handler         [WEAK
]
  384 00000286                 EXPORT           USB0_Handler              [WEAK
]
  385 00000286                 EXPORT           PWM0Generator3_Handler    [WEAK
]
  386 00000286                 EXPORT           uDMA_Handler              [WEAK
]
  387 00000286                 EXPORT           uDMA_Error                [WEAK
]
  388 00000286                 EXPORT           ADC1Seq0_Handler          [WEAK
]
  389 00000286                 EXPORT           ADC1Seq1_Handler          [WEAK
]
  390 00000286                 EXPORT           ADC1Seq2_Handler          [WEAK
]
  391 00000286                 EXPORT           ADC1Seq3_Handler          [WEAK
]
  392 00000286                 EXPORT           I2S0_Handler              [WEAK
]
  393 00000286                 EXPORT           ExtBus_Handler            [WEAK
]
  394 00000286                 EXPORT           GPIOPortJ_Handler         [WEAK
]
  395 00000286                 EXPORT           GPIOPortK_Handler         [WEAK
]
  396 00000286                 EXPORT           GPIOPortL_Handler         [WEAK
]
  397 00000286                 EXPORT           SSI2_Handler              [WEAK
]
  398 00000286                 EXPORT           SSI3_Handler              [WEAK
]
  399 00000286                 EXPORT           UART3_Handler             [WEAK
]
  400 00000286                 EXPORT           UART4_Handler             [WEAK
]
  401 00000286                 EXPORT           UART5_Handler             [WEAK
]
  402 00000286                 EXPORT           UART6_Handler             [WEAK
]



ARM Macro Assembler    Page 12 


  403 00000286                 EXPORT           UART7_Handler             [WEAK
]
  404 00000286                 EXPORT           I2C2_Handler              [WEAK
]
  405 00000286                 EXPORT           I2C3_Handler              [WEAK
]
  406 00000286                 EXPORT           Timer4A_Handler           [WEAK
]
  407 00000286                 EXPORT           Timer4B_Handler           [WEAK
]
  408 00000286                 EXPORT           Timer5A_Handler           [WEAK
]
  409 00000286                 EXPORT           Timer5B_Handler           [WEAK
]
  410 00000286                 EXPORT           WideTimer0A_Handler       [WEAK
]
  411 00000286                 EXPORT           WideTimer0B_Handler       [WEAK
]
  412 00000286                 EXPORT           WideTimer1A_Handler       [WEAK
]
  413 00000286                 EXPORT           WideTimer1B_Handler       [WEAK
]
  414 00000286                 EXPORT           WideTimer2A_Handler       [WEAK
]
  415 00000286                 EXPORT           WideTimer2B_Handler       [WEAK
]
  416 00000286                 EXPORT           WideTimer3A_Handler       [WEAK
]
  417 00000286                 EXPORT           WideTimer3B_Handler       [WEAK
]
  418 00000286                 EXPORT           WideTimer4A_Handler       [WEAK
]
  419 00000286                 EXPORT           WideTimer4B_Handler       [WEAK
]
  420 00000286                 EXPORT           WideTimer5A_Handler       [WEAK
]
  421 00000286                 EXPORT           WideTimer5B_Handler       [WEAK
]
  422 00000286                 EXPORT           FPU_Handler               [WEAK
]
  423 00000286                 EXPORT           PECI0_Handler             [WEAK
]
  424 00000286                 EXPORT           LPC0_Handler              [WEAK
]
  425 00000286                 EXPORT           I2C4_Handler              [WEAK
]
  426 00000286                 EXPORT           I2C5_Handler              [WEAK
]
  427 00000286                 EXPORT           GPIOPortM_Handler         [WEAK
]
  428 00000286                 EXPORT           GPIOPortN_Handler         [WEAK
]
  429 00000286                 EXPORT           Quadrature2_Handler       [WEAK
]
  430 00000286                 EXPORT           Fan0_Handler              [WEAK
]
  431 00000286                 EXPORT           GPIOPortP_Handler         [WEAK
]
  432 00000286                 EXPORT           GPIOPortP1_Handler        [WEAK



ARM Macro Assembler    Page 13 


]
  433 00000286                 EXPORT           GPIOPortP2_Handler        [WEAK
]
  434 00000286                 EXPORT           GPIOPortP3_Handler        [WEAK
]
  435 00000286                 EXPORT           GPIOPortP4_Handler        [WEAK
]
  436 00000286                 EXPORT           GPIOPortP5_Handler        [WEAK
]
  437 00000286                 EXPORT           GPIOPortP6_Handler        [WEAK
]
  438 00000286                 EXPORT           GPIOPortP7_Handler        [WEAK
]
  439 00000286                 EXPORT           GPIOPortQ_Handler         [WEAK
]
  440 00000286                 EXPORT           GPIOPortQ1_Handler        [WEAK
]
  441 00000286                 EXPORT           GPIOPortQ2_Handler        [WEAK
]
  442 00000286                 EXPORT           GPIOPortQ3_Handler        [WEAK
]
  443 00000286                 EXPORT           GPIOPortQ4_Handler        [WEAK
]
  444 00000286                 EXPORT           GPIOPortQ5_Handler        [WEAK
]
  445 00000286                 EXPORT           GPIOPortQ6_Handler        [WEAK
]
  446 00000286                 EXPORT           GPIOPortQ7_Handler        [WEAK
]
  447 00000286                 EXPORT           GPIOPortR_Handler         [WEAK
]
  448 00000286                 EXPORT           GPIOPortS_Handler         [WEAK
]
  449 00000286                 EXPORT           PWM1Generator0_Handler    [WEAK
]
  450 00000286                 EXPORT           PWM1Generator1_Handler    [WEAK
]
  451 00000286                 EXPORT           PWM1Generator2_Handler    [WEAK
]
  452 00000286                 EXPORT           PWM1Generator3_Handler    [WEAK
]
  453 00000286                 EXPORT           PWM1Fault_Handler         [WEAK
]
  454 00000286         
  455 00000286         GPIOPortA_Handler
  456 00000286         GPIOPortB_Handler
  457 00000286         GPIOPortC_Handler
  458 00000286         GPIOPortD_Handler
  459 00000286         GPIOPortE_Handler
  460 00000286         UART0_Handler
  461 00000286         UART1_Handler
  462 00000286         SSI0_Handler
  463 00000286         I2C0_Handler
  464 00000286         PWM0Fault_Handler
  465 00000286         PWM0Generator0_Handler
  466 00000286         PWM0Generator1_Handler
  467 00000286         PWM0Generator2_Handler
  468 00000286         Quadrature0_Handler
  469 00000286         ADC0Seq0_Handler



ARM Macro Assembler    Page 14 


  470 00000286         ADC0Seq1_Handler
  471 00000286         ADC0Seq2_Handler
  472 00000286         ADC0Seq3_Handler
  473 00000286         WDT_Handler
  474 00000286         Timer0A_Handler
  475 00000286         Timer0B_Handler
  476 00000286         Timer1A_Handler
  477 00000286         Timer1B_Handler
  478 00000286         Timer2A_Handler
  479 00000286         Timer2B_Handler
  480 00000286         Comp0_Handler
  481 00000286         Comp1_Handler
  482 00000286         Comp2_Handler
  483 00000286         SysCtl_Handler
  484 00000286         FlashCtl_Handler
  485 00000286         GPIOPortF_Handler
  486 00000286         GPIOPortG_Handler
  487 00000286         GPIOPortH_Handler
  488 00000286         UART2_Handler
  489 00000286         SSI1_Handler
  490 00000286         Timer3A_Handler
  491 00000286         Timer3B_Handler
  492 00000286         I2C1_Handler
  493 00000286         Quadrature1_Handler
  494 00000286         CAN0_Handler
  495 00000286         CAN1_Handler
  496 00000286         CAN2_Handler
  497 00000286         Ethernet_Handler
  498 00000286         Hibernate_Handler
  499 00000286         USB0_Handler
  500 00000286         PWM0Generator3_Handler
  501 00000286         uDMA_Handler
  502 00000286         uDMA_Error
  503 00000286         ADC1Seq0_Handler
  504 00000286         ADC1Seq1_Handler
  505 00000286         ADC1Seq2_Handler
  506 00000286         ADC1Seq3_Handler
  507 00000286         I2S0_Handler
  508 00000286         ExtBus_Handler
  509 00000286         GPIOPortJ_Handler
  510 00000286         GPIOPortK_Handler
  511 00000286         GPIOPortL_Handler
  512 00000286         SSI2_Handler
  513 00000286         SSI3_Handler
  514 00000286         UART3_Handler
  515 00000286         UART4_Handler
  516 00000286         UART5_Handler
  517 00000286         UART6_Handler
  518 00000286         UART7_Handler
  519 00000286         I2C2_Handler
  520 00000286         I2C3_Handler
  521 00000286         Timer4A_Handler
  522 00000286         Timer4B_Handler
  523 00000286         Timer5A_Handler
  524 00000286         Timer5B_Handler
  525 00000286         WideTimer0A_Handler
  526 00000286         WideTimer0B_Handler
  527 00000286         WideTimer1A_Handler
  528 00000286         WideTimer1B_Handler



ARM Macro Assembler    Page 15 


  529 00000286         WideTimer2A_Handler
  530 00000286         WideTimer2B_Handler
  531 00000286         WideTimer3A_Handler
  532 00000286         WideTimer3B_Handler
  533 00000286         WideTimer4A_Handler
  534 00000286         WideTimer4B_Handler
  535 00000286         WideTimer5A_Handler
  536 00000286         WideTimer5B_Handler
  537 00000286         FPU_Handler
  538 00000286         PECI0_Handler
  539 00000286         LPC0_Handler
  540 00000286         I2C4_Handler
  541 00000286         I2C5_Handler
  542 00000286         GPIOPortM_Handler
  543 00000286         GPIOPortN_Handler
  544 00000286         Quadrature2_Handler
  545 00000286         Fan0_Handler
  546 00000286         GPIOPortP_Handler
  547 00000286         GPIOPortP1_Handler
  548 00000286         GPIOPortP2_Handler
  549 00000286         GPIOPortP3_Handler
  550 00000286         GPIOPortP4_Handler
  551 00000286         GPIOPortP5_Handler
  552 00000286         GPIOPortP6_Handler
  553 00000286         GPIOPortP7_Handler
  554 00000286         GPIOPortQ_Handler
  555 00000286         GPIOPortQ1_Handler
  556 00000286         GPIOPortQ2_Handler
  557 00000286         GPIOPortQ3_Handler
  558 00000286         GPIOPortQ4_Handler
  559 00000286         GPIOPortQ5_Handler
  560 00000286         GPIOPortQ6_Handler
  561 00000286         GPIOPortQ7_Handler
  562 00000286         GPIOPortR_Handler
  563 00000286         GPIOPortS_Handler
  564 00000286         PWM1Generator0_Handler
  565 00000286         PWM1Generator1_Handler
  566 00000286         PWM1Generator2_Handler
  567 00000286         PWM1Generator3_Handler
  568 00000286         PWM1Fault_Handler
  569 00000286         
  570 00000286 E7FE            B                .
  571 00000288         
  572 00000288                 ENDP
  573 00000288         
  574 00000288         ;*******************************************************
                       ***********************
  575 00000288         ;
  576 00000288         ; Make sure the end of this section is aligned.
  577 00000288         ;
  578 00000288         ;*******************************************************
                       ***********************
  579 00000288                 ALIGN
  580 00000288         
  581 00000288         ;*******************************************************
                       ***********************
  582 00000288         ;
  583 00000288         ; Some code in the normal code section for initializing 
                       the heap and stack.



ARM Macro Assembler    Page 16 


  584 00000288         ;
  585 00000288         ;*******************************************************
                       ***********************
  586 00000288                 AREA             |.text|, CODE, READONLY
  587 00000000         
  588 00000000         ;*******************************************************
                       ***********************
  589 00000000         ;
  590 00000000         ; Useful functions.
  591 00000000         ;
  592 00000000         ;*******************************************************
                       ***********************
  593 00000000                 EXPORT           DisableInterrupts
  594 00000000                 EXPORT           EnableInterrupts
  595 00000000                 EXPORT           StartCritical
  596 00000000                 EXPORT           EndCritical
  597 00000000                 EXPORT           WaitForInterrupt
  598 00000000         
  599 00000000         ;*********** DisableInterrupts ***************
  600 00000000         ; disable interrupts
  601 00000000         ; inputs:  none
  602 00000000         ; outputs: none
  603 00000000         DisableInterrupts
  604 00000000 B672            CPSID            I
  605 00000002 4770            BX               LR
  606 00000004         
  607 00000004         ;*********** EnableInterrupts ***************
  608 00000004         ; enable interrupts
  609 00000004         ; inputs:  none
  610 00000004         ; outputs: none
  611 00000004         EnableInterrupts
  612 00000004 B662            CPSIE            I
  613 00000006 4770            BX               LR
  614 00000008         
  615 00000008         ;*********** StartCritical ************************
  616 00000008         ; make a copy of previous I bit, disable interrupts
  617 00000008         ; inputs:  none
  618 00000008         ; outputs: previous I bit
  619 00000008         StartCritical
  620 00000008 F3EF 8010       MRS              R0, PRIMASK ; save old status
  621 0000000C B672            CPSID            I           ; mask all (except 
                                                            faults)
  622 0000000E 4770            BX               LR
  623 00000010         
  624 00000010         ;*********** EndCritical ************************
  625 00000010         ; using the copy of previous I bit, restore I bit to pre
                       vious value
  626 00000010         ; inputs:  previous I bit
  627 00000010         ; outputs: none
  628 00000010         EndCritical
  629 00000010 F380 8810       MSR              PRIMASK, R0
  630 00000014 4770            BX               LR
  631 00000016         
  632 00000016         ;*********** WaitForInterrupt ************************
  633 00000016         ; go to low power mode while waiting for the next interr
                       upt
  634 00000016         ; inputs:  none
  635 00000016         ; outputs: none
  636 00000016         WaitForInterrupt



ARM Macro Assembler    Page 17 


  637 00000016 BF30            WFI
  638 00000018 4770            BX               LR
  639 0000001A         
  640 0000001A         ;*******************************************************
                       ***********************
  641 0000001A         ;
  642 0000001A         ; The function expected of the C library startup code fo
                       r defining the stack
  643 0000001A         ; and heap memory locations.  For the C library version 
                       of the startup code,
  644 0000001A         ; provide this function so that the C library initializa
                       tion code can find out
  645 0000001A         ; the location of the stack and heap.
  646 0000001A         ;
  647 0000001A         ;*******************************************************
                       ***********************
  648 0000001A                 IF               :DEF: __MICROLIB
  649 0000001A                 EXPORT           __initial_sp
  650 0000001A                 EXPORT           __heap_base
  651 0000001A                 EXPORT           __heap_limit
  652 0000001A                 ELSE
  661                          ENDIF
  662 0000001A         
  663 0000001A         ;*******************************************************
                       ***********************
  664 0000001A         ;
  665 0000001A         ; Make sure the end of this section is aligned.
  666 0000001A         ;
  667 0000001A         ;*******************************************************
                       ***********************
  668 0000001A 00 00           ALIGN
  669 0000001C         
  670 0000001C         ;*******************************************************
                       ***********************
  671 0000001C         ;
  672 0000001C         ; Tell the assembler that we're done.
  673 0000001C         ;
  674 0000001C         ;*******************************************************
                       ***********************
  675 0000001C                 END
Command Line: --debug --xref --cpu=Cortex-M4 --apcs=interwork --depend=.\startu
p.d -o.\startup.o -IC:\Keil\ARM\RV31\INC -IC:\Keil\ARM\CMSIS\Include -IC:\Keil\
ARM\Inc\TI\TM4C123 --predefine="__EVAL SETA 1" --predefine="__MICROLIB SETA 1" 
--list=.\startup.lst startup.s



ARM Macro Assembler    Page 1 Alphabetic symbol ordering
Relocatable symbols

STACK 00000000

Symbol: STACK
   Definitions
      At line 52 in file startup.s
   Uses
      None
Comment: STACK unused
StackMem 00000000

Symbol: StackMem
   Definitions
      At line 53 in file startup.s
   Uses
      At line 90 in file startup.s
Comment: StackMem used once
__initial_sp 00000400

Symbol: __initial_sp
   Definitions
      At line 55 in file startup.s
   Uses
      At line 649 in file startup.s
Comment: __initial_sp used once
3 symbols



ARM Macro Assembler    Page 1 Alphabetic symbol ordering
Relocatable symbols

HEAP 00000000

Symbol: HEAP
   Definitions
      At line 62 in file startup.s
   Uses
      None
Comment: HEAP unused
HeapMem 00000000

Symbol: HeapMem
   Definitions
      At line 64 in file startup.s
   Uses
      None
Comment: HeapMem unused
__heap_base 00000000

Symbol: __heap_base
   Definitions
      At line 63 in file startup.s
   Uses
      At line 650 in file startup.s
Comment: __heap_base used once
__heap_limit 00000000

Symbol: __heap_limit
   Definitions
      At line 66 in file startup.s
   Uses
      At line 651 in file startup.s
Comment: __heap_limit used once
4 symbols



ARM Macro Assembler    Page 1 Alphabetic symbol ordering
Relocatable symbols

ADC0Seq0_Handler 00000286

Symbol: ADC0Seq0_Handler
   Definitions
      At line 469 in file startup.s
   Uses
      At line 120 in file startup.s
      At line 354 in file startup.s

ADC0Seq1_Handler 00000286

Symbol: ADC0Seq1_Handler
   Definitions
      At line 470 in file startup.s
   Uses
      At line 121 in file startup.s
      At line 355 in file startup.s

ADC0Seq2_Handler 00000286

Symbol: ADC0Seq2_Handler
   Definitions
      At line 471 in file startup.s
   Uses
      At line 122 in file startup.s
      At line 356 in file startup.s

ADC0Seq3_Handler 00000286

Symbol: ADC0Seq3_Handler
   Definitions
      At line 472 in file startup.s
   Uses
      At line 123 in file startup.s
      At line 357 in file startup.s

ADC1Seq0_Handler 00000286

Symbol: ADC1Seq0_Handler
   Definitions
      At line 503 in file startup.s
   Uses
      At line 155 in file startup.s
      At line 388 in file startup.s

ADC1Seq1_Handler 00000286

Symbol: ADC1Seq1_Handler
   Definitions
      At line 504 in file startup.s
   Uses
      At line 156 in file startup.s
      At line 389 in file startup.s

ADC1Seq2_Handler 00000286

Symbol: ADC1Seq2_Handler
   Definitions
      At line 505 in file startup.s



ARM Macro Assembler    Page 2 Alphabetic symbol ordering
Relocatable symbols

   Uses
      At line 157 in file startup.s
      At line 390 in file startup.s

ADC1Seq3_Handler 00000286

Symbol: ADC1Seq3_Handler
   Definitions
      At line 506 in file startup.s
   Uses
      At line 158 in file startup.s
      At line 391 in file startup.s

BusFault_Handler 0000027A

Symbol: BusFault_Handler
   Definitions
      At line 311 in file startup.s
   Uses
      At line 95 in file startup.s
      At line 312 in file startup.s

CAN0_Handler 00000286

Symbol: CAN0_Handler
   Definitions
      At line 494 in file startup.s
   Uses
      At line 146 in file startup.s
      At line 379 in file startup.s

CAN1_Handler 00000286

Symbol: CAN1_Handler
   Definitions
      At line 495 in file startup.s
   Uses
      At line 147 in file startup.s
      At line 380 in file startup.s

CAN2_Handler 00000286

Symbol: CAN2_Handler
   Definitions
      At line 496 in file startup.s
   Uses
      At line 148 in file startup.s
      At line 381 in file startup.s

Comp0_Handler 00000286

Symbol: Comp0_Handler
   Definitions
      At line 480 in file startup.s
   Uses
      At line 131 in file startup.s
      At line 365 in file startup.s

Comp1_Handler 00000286



ARM Macro Assembler    Page 3 Alphabetic symbol ordering
Relocatable symbols


Symbol: Comp1_Handler
   Definitions
      At line 481 in file startup.s
   Uses
      At line 132 in file startup.s
      At line 366 in file startup.s

Comp2_Handler 00000286

Symbol: Comp2_Handler
   Definitions
      At line 482 in file startup.s
   Uses
      At line 133 in file startup.s
      At line 367 in file startup.s

DebugMon_Handler 00000280

Symbol: DebugMon_Handler
   Definitions
      At line 325 in file startup.s
   Uses
      At line 102 in file startup.s
      At line 326 in file startup.s

Ethernet_Handler 00000286

Symbol: Ethernet_Handler
   Definitions
      At line 497 in file startup.s
   Uses
      At line 149 in file startup.s
      At line 382 in file startup.s

ExtBus_Handler 00000286

Symbol: ExtBus_Handler
   Definitions
      At line 508 in file startup.s
   Uses
      At line 160 in file startup.s
      At line 393 in file startup.s

FPU_Handler 00000286

Symbol: FPU_Handler
   Definitions
      At line 537 in file startup.s
   Uses
      At line 213 in file startup.s
      At line 422 in file startup.s

Fan0_Handler 00000286

Symbol: Fan0_Handler
   Definitions
      At line 545 in file startup.s
   Uses



ARM Macro Assembler    Page 4 Alphabetic symbol ordering
Relocatable symbols

      At line 221 in file startup.s
      At line 430 in file startup.s

FlashCtl_Handler 00000286

Symbol: FlashCtl_Handler
   Definitions
      At line 484 in file startup.s
   Uses
      At line 136 in file startup.s
      At line 369 in file startup.s

GPIOPortA_Handler 00000286

Symbol: GPIOPortA_Handler
   Definitions
      At line 455 in file startup.s
   Uses
      At line 106 in file startup.s
      At line 340 in file startup.s

GPIOPortB_Handler 00000286

Symbol: GPIOPortB_Handler
   Definitions
      At line 456 in file startup.s
   Uses
      At line 107 in file startup.s
      At line 341 in file startup.s

GPIOPortC_Handler 00000286

Symbol: GPIOPortC_Handler
   Definitions
      At line 457 in file startup.s
   Uses
      At line 108 in file startup.s
      At line 342 in file startup.s

GPIOPortD_Handler 00000286

Symbol: GPIOPortD_Handler
   Definitions
      At line 458 in file startup.s
   Uses
      At line 109 in file startup.s
      At line 343 in file startup.s

GPIOPortE_Handler 00000286

Symbol: GPIOPortE_Handler
   Definitions
      At line 459 in file startup.s
   Uses
      At line 110 in file startup.s
      At line 344 in file startup.s

GPIOPortF_Handler 00000286




ARM Macro Assembler    Page 5 Alphabetic symbol ordering
Relocatable symbols

Symbol: GPIOPortF_Handler
   Definitions
      At line 485 in file startup.s
   Uses
      At line 137 in file startup.s
      At line 370 in file startup.s

GPIOPortG_Handler 00000286

Symbol: GPIOPortG_Handler
   Definitions
      At line 486 in file startup.s
   Uses
      At line 138 in file startup.s
      At line 371 in file startup.s

GPIOPortH_Handler 00000286

Symbol: GPIOPortH_Handler
   Definitions
      At line 487 in file startup.s
   Uses
      At line 139 in file startup.s
      At line 372 in file startup.s

GPIOPortJ_Handler 00000286

Symbol: GPIOPortJ_Handler
   Definitions
      At line 509 in file startup.s
   Uses
      At line 161 in file startup.s
      At line 394 in file startup.s

GPIOPortK_Handler 00000286

Symbol: GPIOPortK_Handler
   Definitions
      At line 510 in file startup.s
   Uses
      At line 162 in file startup.s
      At line 395 in file startup.s

GPIOPortL_Handler 00000286

Symbol: GPIOPortL_Handler
   Definitions
      At line 511 in file startup.s
   Uses
      At line 163 in file startup.s
      At line 396 in file startup.s

GPIOPortM_Handler 00000286

Symbol: GPIOPortM_Handler
   Definitions
      At line 542 in file startup.s
   Uses
      At line 218 in file startup.s



ARM Macro Assembler    Page 6 Alphabetic symbol ordering
Relocatable symbols

      At line 427 in file startup.s

GPIOPortN_Handler 00000286

Symbol: GPIOPortN_Handler
   Definitions
      At line 543 in file startup.s
   Uses
      At line 219 in file startup.s
      At line 428 in file startup.s

GPIOPortP1_Handler 00000286

Symbol: GPIOPortP1_Handler
   Definitions
      At line 547 in file startup.s
   Uses
      At line 224 in file startup.s
      At line 432 in file startup.s

GPIOPortP2_Handler 00000286

Symbol: GPIOPortP2_Handler
   Definitions
      At line 548 in file startup.s
   Uses
      At line 225 in file startup.s
      At line 433 in file startup.s

GPIOPortP3_Handler 00000286

Symbol: GPIOPortP3_Handler
   Definitions
      At line 549 in file startup.s
   Uses
      At line 226 in file startup.s
      At line 434 in file startup.s

GPIOPortP4_Handler 00000286

Symbol: GPIOPortP4_Handler
   Definitions
      At line 550 in file startup.s
   Uses
      At line 227 in file startup.s
      At line 435 in file startup.s

GPIOPortP5_Handler 00000286

Symbol: GPIOPortP5_Handler
   Definitions
      At line 551 in file startup.s
   Uses
      At line 228 in file startup.s
      At line 436 in file startup.s

GPIOPortP6_Handler 00000286

Symbol: GPIOPortP6_Handler



ARM Macro Assembler    Page 7 Alphabetic symbol ordering
Relocatable symbols

   Definitions
      At line 552 in file startup.s
   Uses
      At line 229 in file startup.s
      At line 437 in file startup.s

GPIOPortP7_Handler 00000286

Symbol: GPIOPortP7_Handler
   Definitions
      At line 553 in file startup.s
   Uses
      At line 230 in file startup.s
      At line 438 in file startup.s

GPIOPortP_Handler 00000286

Symbol: GPIOPortP_Handler
   Definitions
      At line 546 in file startup.s
   Uses
      At line 223 in file startup.s
      At line 431 in file startup.s

GPIOPortQ1_Handler 00000286

Symbol: GPIOPortQ1_Handler
   Definitions
      At line 555 in file startup.s
   Uses
      At line 232 in file startup.s
      At line 440 in file startup.s

GPIOPortQ2_Handler 00000286

Symbol: GPIOPortQ2_Handler
   Definitions
      At line 556 in file startup.s
   Uses
      At line 233 in file startup.s
      At line 441 in file startup.s

GPIOPortQ3_Handler 00000286

Symbol: GPIOPortQ3_Handler
   Definitions
      At line 557 in file startup.s
   Uses
      At line 234 in file startup.s
      At line 442 in file startup.s

GPIOPortQ4_Handler 00000286

Symbol: GPIOPortQ4_Handler
   Definitions
      At line 558 in file startup.s
   Uses
      At line 235 in file startup.s
      At line 443 in file startup.s



ARM Macro Assembler    Page 8 Alphabetic symbol ordering
Relocatable symbols


GPIOPortQ5_Handler 00000286

Symbol: GPIOPortQ5_Handler
   Definitions
      At line 559 in file startup.s
   Uses
      At line 236 in file startup.s
      At line 444 in file startup.s

GPIOPortQ6_Handler 00000286

Symbol: GPIOPortQ6_Handler
   Definitions
      At line 560 in file startup.s
   Uses
      At line 237 in file startup.s
      At line 445 in file startup.s

GPIOPortQ7_Handler 00000286

Symbol: GPIOPortQ7_Handler
   Definitions
      At line 561 in file startup.s
   Uses
      At line 238 in file startup.s
      At line 446 in file startup.s

GPIOPortQ_Handler 00000286

Symbol: GPIOPortQ_Handler
   Definitions
      At line 554 in file startup.s
   Uses
      At line 231 in file startup.s
      At line 439 in file startup.s

GPIOPortR_Handler 00000286

Symbol: GPIOPortR_Handler
   Definitions
      At line 562 in file startup.s
   Uses
      At line 239 in file startup.s
      At line 447 in file startup.s

GPIOPortS_Handler 00000286

Symbol: GPIOPortS_Handler
   Definitions
      At line 563 in file startup.s
   Uses
      At line 240 in file startup.s
      At line 448 in file startup.s

HardFault_Handler 00000276

Symbol: HardFault_Handler
   Definitions



ARM Macro Assembler    Page 9 Alphabetic symbol ordering
Relocatable symbols

      At line 300 in file startup.s
   Uses
      At line 93 in file startup.s
      At line 301 in file startup.s

Hibernate_Handler 00000286

Symbol: Hibernate_Handler
   Definitions
      At line 498 in file startup.s
   Uses
      At line 150 in file startup.s
      At line 383 in file startup.s

I2C0_Handler 00000286

Symbol: I2C0_Handler
   Definitions
      At line 463 in file startup.s
   Uses
      At line 114 in file startup.s
      At line 348 in file startup.s

I2C1_Handler 00000286

Symbol: I2C1_Handler
   Definitions
      At line 492 in file startup.s
   Uses
      At line 144 in file startup.s
      At line 377 in file startup.s

I2C2_Handler 00000286

Symbol: I2C2_Handler
   Definitions
      At line 519 in file startup.s
   Uses
      At line 175 in file startup.s
      At line 404 in file startup.s

I2C3_Handler 00000286

Symbol: I2C3_Handler
   Definitions
      At line 520 in file startup.s
   Uses
      At line 176 in file startup.s
      At line 405 in file startup.s

I2C4_Handler 00000286

Symbol: I2C4_Handler
   Definitions
      At line 540 in file startup.s
   Uses
      At line 216 in file startup.s
      At line 425 in file startup.s




ARM Macro Assembler    Page 10 Alphabetic symbol ordering
Relocatable symbols

I2C5_Handler 00000286

Symbol: I2C5_Handler
   Definitions
      At line 541 in file startup.s
   Uses
      At line 217 in file startup.s
      At line 426 in file startup.s

I2S0_Handler 00000286

Symbol: I2S0_Handler
   Definitions
      At line 507 in file startup.s
   Uses
      At line 159 in file startup.s
      At line 392 in file startup.s

IntDefaultHandler 00000286

Symbol: IntDefaultHandler
   Definitions
      At line 338 in file startup.s
   Uses
      None
Comment: IntDefaultHandler unused
LPC0_Handler 00000286

Symbol: LPC0_Handler
   Definitions
      At line 539 in file startup.s
   Uses
      At line 215 in file startup.s
      At line 424 in file startup.s

MemManage_Handler 00000278

Symbol: MemManage_Handler
   Definitions
      At line 306 in file startup.s
   Uses
      At line 94 in file startup.s
      At line 307 in file startup.s

NMI_Handler 00000274

Symbol: NMI_Handler
   Definitions
      At line 287 in file startup.s
   Uses
      At line 92 in file startup.s
      At line 288 in file startup.s

PECI0_Handler 00000286

Symbol: PECI0_Handler
   Definitions
      At line 538 in file startup.s
   Uses



ARM Macro Assembler    Page 11 Alphabetic symbol ordering
Relocatable symbols

      At line 214 in file startup.s
      At line 423 in file startup.s

PWM0Fault_Handler 00000286

Symbol: PWM0Fault_Handler
   Definitions
      At line 464 in file startup.s
   Uses
      At line 115 in file startup.s
      At line 349 in file startup.s

PWM0Generator0_Handler 00000286

Symbol: PWM0Generator0_Handler
   Definitions
      At line 465 in file startup.s
   Uses
      At line 116 in file startup.s
      At line 350 in file startup.s

PWM0Generator1_Handler 00000286

Symbol: PWM0Generator1_Handler
   Definitions
      At line 466 in file startup.s
   Uses
      At line 117 in file startup.s
      At line 351 in file startup.s

PWM0Generator2_Handler 00000286

Symbol: PWM0Generator2_Handler
   Definitions
      At line 467 in file startup.s
   Uses
      At line 118 in file startup.s
      At line 352 in file startup.s

PWM0Generator3_Handler 00000286

Symbol: PWM0Generator3_Handler
   Definitions
      At line 500 in file startup.s
   Uses
      At line 152 in file startup.s
      At line 385 in file startup.s

PWM1Fault_Handler 00000286

Symbol: PWM1Fault_Handler
   Definitions
      At line 568 in file startup.s
   Uses
      At line 245 in file startup.s
      At line 453 in file startup.s

PWM1Generator0_Handler 00000286




ARM Macro Assembler    Page 12 Alphabetic symbol ordering
Relocatable symbols

Symbol: PWM1Generator0_Handler
   Definitions
      At line 564 in file startup.s
   Uses
      At line 241 in file startup.s
      At line 449 in file startup.s

PWM1Generator1_Handler 00000286

Symbol: PWM1Generator1_Handler
   Definitions
      At line 565 in file startup.s
   Uses
      At line 242 in file startup.s
      At line 450 in file startup.s

PWM1Generator2_Handler 00000286

Symbol: PWM1Generator2_Handler
   Definitions
      At line 566 in file startup.s
   Uses
      At line 243 in file startup.s
      At line 451 in file startup.s

PWM1Generator3_Handler 00000286

Symbol: PWM1Generator3_Handler
   Definitions
      At line 567 in file startup.s
   Uses
      At line 244 in file startup.s
      At line 452 in file startup.s

PendSV_Handler 00000282

Symbol: PendSV_Handler
   Definitions
      At line 329 in file startup.s
   Uses
      At line 104 in file startup.s
      At line 330 in file startup.s

Quadrature0_Handler 00000286

Symbol: Quadrature0_Handler
   Definitions
      At line 468 in file startup.s
   Uses
      At line 119 in file startup.s
      At line 353 in file startup.s

Quadrature1_Handler 00000286

Symbol: Quadrature1_Handler
   Definitions
      At line 493 in file startup.s
   Uses
      At line 145 in file startup.s



ARM Macro Assembler    Page 13 Alphabetic symbol ordering
Relocatable symbols

      At line 378 in file startup.s

Quadrature2_Handler 00000286

Symbol: Quadrature2_Handler
   Definitions
      At line 544 in file startup.s
   Uses
      At line 220 in file startup.s
      At line 429 in file startup.s

RESET 00000000

Symbol: RESET
   Definitions
      At line 80 in file startup.s
   Uses
      None
Comment: RESET unused
Reset_Handler 00000270

Symbol: Reset_Handler
   Definitions
      At line 254 in file startup.s
   Uses
      At line 91 in file startup.s
      At line 253 in file startup.s

SSI0_Handler 00000286

Symbol: SSI0_Handler
   Definitions
      At line 462 in file startup.s
   Uses
      At line 113 in file startup.s
      At line 347 in file startup.s

SSI1_Handler 00000286

Symbol: SSI1_Handler
   Definitions
      At line 489 in file startup.s
   Uses
      At line 141 in file startup.s
      At line 374 in file startup.s

SSI2_Handler 00000286

Symbol: SSI2_Handler
   Definitions
      At line 512 in file startup.s
   Uses
      At line 164 in file startup.s
      At line 397 in file startup.s

SSI3_Handler 00000286

Symbol: SSI3_Handler
   Definitions



ARM Macro Assembler    Page 14 Alphabetic symbol ordering
Relocatable symbols

      At line 513 in file startup.s
   Uses
      At line 165 in file startup.s
      At line 398 in file startup.s

SVC_Handler 0000027E

Symbol: SVC_Handler
   Definitions
      At line 320 in file startup.s
   Uses
      At line 101 in file startup.s
      At line 321 in file startup.s

SysCtl_Handler 00000286

Symbol: SysCtl_Handler
   Definitions
      At line 483 in file startup.s
   Uses
      At line 134 in file startup.s
      At line 368 in file startup.s

SysTick_Handler 00000284

Symbol: SysTick_Handler
   Definitions
      At line 333 in file startup.s
   Uses
      At line 105 in file startup.s
      At line 135 in file startup.s
      At line 334 in file startup.s

Timer0A_Handler 00000286

Symbol: Timer0A_Handler
   Definitions
      At line 474 in file startup.s
   Uses
      At line 125 in file startup.s
      At line 359 in file startup.s

Timer0B_Handler 00000286

Symbol: Timer0B_Handler
   Definitions
      At line 475 in file startup.s
   Uses
      At line 126 in file startup.s
      At line 360 in file startup.s

Timer1A_Handler 00000286

Symbol: Timer1A_Handler
   Definitions
      At line 476 in file startup.s
   Uses
      At line 127 in file startup.s
      At line 361 in file startup.s



ARM Macro Assembler    Page 15 Alphabetic symbol ordering
Relocatable symbols


Timer1B_Handler 00000286

Symbol: Timer1B_Handler
   Definitions
      At line 477 in file startup.s
   Uses
      At line 128 in file startup.s
      At line 362 in file startup.s

Timer2A_Handler 00000286

Symbol: Timer2A_Handler
   Definitions
      At line 478 in file startup.s
   Uses
      At line 129 in file startup.s
      At line 363 in file startup.s

Timer2B_Handler 00000286

Symbol: Timer2B_Handler
   Definitions
      At line 479 in file startup.s
   Uses
      At line 130 in file startup.s
      At line 364 in file startup.s

Timer3A_Handler 00000286

Symbol: Timer3A_Handler
   Definitions
      At line 490 in file startup.s
   Uses
      At line 142 in file startup.s
      At line 375 in file startup.s

Timer3B_Handler 00000286

Symbol: Timer3B_Handler
   Definitions
      At line 491 in file startup.s
   Uses
      At line 143 in file startup.s
      At line 376 in file startup.s

Timer4A_Handler 00000286

Symbol: Timer4A_Handler
   Definitions
      At line 521 in file startup.s
   Uses
      At line 177 in file startup.s
      At line 406 in file startup.s

Timer4B_Handler 00000286

Symbol: Timer4B_Handler
   Definitions



ARM Macro Assembler    Page 16 Alphabetic symbol ordering
Relocatable symbols

      At line 522 in file startup.s
   Uses
      At line 178 in file startup.s
      At line 407 in file startup.s

Timer5A_Handler 00000286

Symbol: Timer5A_Handler
   Definitions
      At line 523 in file startup.s
   Uses
      At line 199 in file startup.s
      At line 408 in file startup.s

Timer5B_Handler 00000286

Symbol: Timer5B_Handler
   Definitions
      At line 524 in file startup.s
   Uses
      At line 200 in file startup.s
      At line 409 in file startup.s

UART0_Handler 00000286

Symbol: UART0_Handler
   Definitions
      At line 460 in file startup.s
   Uses
      At line 111 in file startup.s
      At line 345 in file startup.s

UART1_Handler 00000286

Symbol: UART1_Handler
   Definitions
      At line 461 in file startup.s
   Uses
      At line 112 in file startup.s
      At line 346 in file startup.s

UART2_Handler 00000286

Symbol: UART2_Handler
   Definitions
      At line 488 in file startup.s
   Uses
      At line 140 in file startup.s
      At line 373 in file startup.s

UART3_Handler 00000286

Symbol: UART3_Handler
   Definitions
      At line 514 in file startup.s
   Uses
      At line 166 in file startup.s
      At line 399 in file startup.s




ARM Macro Assembler    Page 17 Alphabetic symbol ordering
Relocatable symbols

UART4_Handler 00000286

Symbol: UART4_Handler
   Definitions
      At line 515 in file startup.s
   Uses
      At line 167 in file startup.s
      At line 400 in file startup.s

UART5_Handler 00000286

Symbol: UART5_Handler
   Definitions
      At line 516 in file startup.s
   Uses
      At line 168 in file startup.s
      At line 401 in file startup.s

UART6_Handler 00000286

Symbol: UART6_Handler
   Definitions
      At line 517 in file startup.s
   Uses
      At line 169 in file startup.s
      At line 402 in file startup.s

UART7_Handler 00000286

Symbol: UART7_Handler
   Definitions
      At line 518 in file startup.s
   Uses
      At line 170 in file startup.s
      At line 403 in file startup.s

USB0_Handler 00000286

Symbol: USB0_Handler
   Definitions
      At line 499 in file startup.s
   Uses
      At line 151 in file startup.s
      At line 384 in file startup.s

UsageFault_Handler 0000027C

Symbol: UsageFault_Handler
   Definitions
      At line 316 in file startup.s
   Uses
      At line 96 in file startup.s
      At line 317 in file startup.s

WDT_Handler 00000286

Symbol: WDT_Handler
   Definitions
      At line 473 in file startup.s



ARM Macro Assembler    Page 18 Alphabetic symbol ordering
Relocatable symbols

   Uses
      At line 124 in file startup.s
      At line 358 in file startup.s

WideTimer0A_Handler 00000286

Symbol: WideTimer0A_Handler
   Definitions
      At line 525 in file startup.s
   Uses
      At line 201 in file startup.s
      At line 410 in file startup.s

WideTimer0B_Handler 00000286

Symbol: WideTimer0B_Handler
   Definitions
      At line 526 in file startup.s
   Uses
      At line 202 in file startup.s
      At line 411 in file startup.s

WideTimer1A_Handler 00000286

Symbol: WideTimer1A_Handler
   Definitions
      At line 527 in file startup.s
   Uses
      At line 203 in file startup.s
      At line 412 in file startup.s

WideTimer1B_Handler 00000286

Symbol: WideTimer1B_Handler
   Definitions
      At line 528 in file startup.s
   Uses
      At line 204 in file startup.s
      At line 413 in file startup.s

WideTimer2A_Handler 00000286

Symbol: WideTimer2A_Handler
   Definitions
      At line 529 in file startup.s
   Uses
      At line 205 in file startup.s
      At line 414 in file startup.s

WideTimer2B_Handler 00000286

Symbol: WideTimer2B_Handler
   Definitions
      At line 530 in file startup.s
   Uses
      At line 206 in file startup.s
      At line 415 in file startup.s

WideTimer3A_Handler 00000286



ARM Macro Assembler    Page 19 Alphabetic symbol ordering
Relocatable symbols


Symbol: WideTimer3A_Handler
   Definitions
      At line 531 in file startup.s
   Uses
      At line 207 in file startup.s
      At line 416 in file startup.s

WideTimer3B_Handler 00000286

Symbol: WideTimer3B_Handler
   Definitions
      At line 532 in file startup.s
   Uses
      At line 208 in file startup.s
      At line 417 in file startup.s

WideTimer4A_Handler 00000286

Symbol: WideTimer4A_Handler
   Definitions
      At line 533 in file startup.s
   Uses
      At line 209 in file startup.s
      At line 418 in file startup.s

WideTimer4B_Handler 00000286

Symbol: WideTimer4B_Handler
   Definitions
      At line 534 in file startup.s
   Uses
      At line 210 in file startup.s
      At line 419 in file startup.s

WideTimer5A_Handler 00000286

Symbol: WideTimer5A_Handler
   Definitions
      At line 535 in file startup.s
   Uses
      At line 211 in file startup.s
      At line 420 in file startup.s

WideTimer5B_Handler 00000286

Symbol: WideTimer5B_Handler
   Definitions
      At line 536 in file startup.s
   Uses
      At line 212 in file startup.s
      At line 421 in file startup.s

__Vectors 00000000

Symbol: __Vectors
   Definitions
      At line 89 in file startup.s
   Uses



ARM Macro Assembler    Page 20 Alphabetic symbol ordering
Relocatable symbols

      At line 88 in file startup.s
Comment: __Vectors used once
uDMA_Error 00000286

Symbol: uDMA_Error
   Definitions
      At line 502 in file startup.s
   Uses
      At line 154 in file startup.s
      At line 387 in file startup.s

uDMA_Handler 00000286

Symbol: uDMA_Handler
   Definitions
      At line 501 in file startup.s
   Uses
      At line 153 in file startup.s
      At line 386 in file startup.s

127 symbols



ARM Macro Assembler    Page 1 Alphabetic symbol ordering
Relocatable symbols

.text 00000000

Symbol: .text
   Definitions
      At line 586 in file startup.s
   Uses
      None
Comment: .text unused
DisableInterrupts 00000000

Symbol: DisableInterrupts
   Definitions
      At line 603 in file startup.s
   Uses
      At line 593 in file startup.s
Comment: DisableInterrupts used once
EnableInterrupts 00000004

Symbol: EnableInterrupts
   Definitions
      At line 611 in file startup.s
   Uses
      At line 594 in file startup.s
Comment: EnableInterrupts used once
EndCritical 00000010

Symbol: EndCritical
   Definitions
      At line 628 in file startup.s
   Uses
      At line 596 in file startup.s
Comment: EndCritical used once
StartCritical 00000008

Symbol: StartCritical
   Definitions
      At line 619 in file startup.s
   Uses
      At line 595 in file startup.s
Comment: StartCritical used once
WaitForInterrupt 00000016

Symbol: WaitForInterrupt
   Definitions
      At line 636 in file startup.s
   Uses
      At line 597 in file startup.s
Comment: WaitForInterrupt used once
6 symbols



ARM Macro Assembler    Page 1 Alphabetic symbol ordering
Absolute symbols

Heap 00000000

Symbol: Heap
   Definitions
      At line 45 in file startup.s
   Uses
      At line 65 in file startup.s
Comment: Heap used once
Stack 00000400

Symbol: Stack
   Definitions
      At line 38 in file startup.s
   Uses
      At line 54 in file startup.s
      At line 90 in file startup.s

2 symbols



ARM Macro Assembler    Page 1 Alphabetic symbol ordering
External symbols

__main 00000000

Symbol: __main
   Definitions
      At line 277 in file startup.s
   Uses
      At line 278 in file startup.s
Comment: __main used once
1 symbol
475 symbols in table
